2021-09-27 14:32:31 - Pcap is listening...
2021-09-27 14:35:48 - Pcap stop listening
2021-09-27 14:35:48 - path:D:\cicflowmeter-4\CICFlowMeter-4.0\bin\data\daily\2021-09-27_Flow.csv
2021-09-27 14:42:50 - path:D:\cicflowmeter-4\CICFlowMeter-4.0\bin\data\daily\2021-09-27_Flow.csv
2021-09-27 14:49:50 - Pcap is listening...
2021-09-27 14:52:55 - Pcap stop listening
2021-09-27 14:52:55 - path:C:\Users\Network Lab\Desktop\J L Shreya\CICFlowMeter and ISCXFlowMeter\cicflowmeter-4\CICFlowMeter-4.0\bin\data\daily\2021-09-27_Flow.csv
2021-09-27 14:53:05 - Pcap is listening...
2021-09-27 14:54:31 - Pcap stop listening
2021-09-27 14:54:31 - path:C:\Users\Network Lab\Desktop\J L Shreya\CICFlowMeter and ISCXFlowMeter\cicflowmeter-4\CICFlowMeter-4.0\bin\data\daily\2021-09-27_Flow.csv
2021-09-27 14:54:49 - path:C:\Users\Network Lab\Desktop\J L Shreya\CICFlowMeter and ISCXFlowMeter\cicflowmeter-4\CICFlowMeter-4.0\bin\data\daily\2021-09-27_Flow.csv
2021-09-27 14:54:49 - path:C:\Users\Network Lab\Desktop\J L Shreya\CICFlowMeter and ISCXFlowMeter\cicflowmeter-4\CICFlowMeter-4.0\bin\data\daily\2021-09-27_Flow.csv
2021-09-27 14:56:26 - Pcap is listening...
2021-09-27 16:01:14 - Pcap stop listening
2021-09-27 16:01:14 - path:C:\Users\Network Lab\Desktop\J L Shreya\CICFlowMeter and ISCXFlowMeter\cicflowmeter-4\CICFlowMeter-4.0\bin\data\daily\2021-09-27_Flow.csv
2021-09-29 19:01:19 - Pcap is listening...
2021-09-29 19:04:20 - Pcap stop listening
2021-09-29 19:04:20 - path:C:\Users\Network Lab\Desktop\J L Shreya\CICFlowMeter and ISCXFlowMeter\cicflowmeter-4\CICFlowMeter-4.0\bin\data\daily\2021-09-29_Flow.csv
2021-09-29 19:07:47 - path:C:\Users\Network Lab\Desktop\J L Shreya\CICFlowMeter and ISCXFlowMeter\cicflowmeter-4\CICFlowMeter-4.0\bin\data\daily\2021-09-29_Flow.csv
2021-12-19 20:29:20 - Pcap is listening...
2021-12-19 20:34:17 - Pcap stop listening
2021-12-19 20:34:17 - path:F:\CICFlowMeter-4.0\bin\data\daily\2021-12-19_Flow.csv
2021-12-19 20:40:47 - Pcap is listening...
2021-12-19 20:41:21 - Pcap stop listening
2021-12-19 20:41:22 - path:F:\CICFlowMeter-4.0\bin\data\daily\2021-12-19_Flow.csv
2023-04-02 20:15:04 - Please select pcap!
2023-04-02 20:24:48 - Pcap is listening...
2023-04-02 20:26:08 - Pcap stop listening
2023-04-02 20:26:08 - path:C:\Users\TribeConnect\Downloads\cicflowmeter\bin\data\daily\2023-04-02_Flow.csv
2023-04-02 20:26:11 - Pcap is listening...
2023-04-02 20:27:19 - Pcap stop listening
2023-04-02 20:27:19 - path:C:\Users\TribeConnect\Downloads\cicflowmeter\bin\data\daily\2023-04-02_Flow.csv
2023-04-02 20:27:20 - Pcap is listening...
2023-04-02 20:27:22 - Pcap stop listening
2023-04-02 20:27:22 - path:C:\Users\TribeConnect\Downloads\cicflowmeter\bin\data\daily\2023-04-02_Flow.csv
2025-04-27 02:29:35 - Please select pcap!
2025-04-27 02:32:43 - Please select pcap!
2025-04-27 02:33:21 - Please select output folder!
2025-04-27 02:33:26 - You select: .\New folder\test_capture.pcap
2025-04-27 02:33:26 - Out folder: .
2025-04-27 02:33:26 - CICFlowMeter received 1 pcap file
2025-04-27 02:40:09 - You select: .\New folder\test_capture.pcap
2025-04-27 02:40:09 - Out folder: .
2025-04-27 02:40:09 - CICFlowMeter received 1 pcap file
2025-04-27 02:40:33 - You select: .\New folder\test_capture.pcap
2025-04-27 02:40:33 - Out folder: .
2025-04-27 02:40:33 - CICFlowMeter received 1 pcap file
2025-04-27 02:42:19 - You select: .\New folder\test_capture.pcap
2025-04-27 02:42:19 - Out folder: .
2025-04-27 02:42:19 - CICFlowMeter received 1 pcap file
2025-04-27 02:53:13 - You select: .\New folder\test_capture.pcap
2025-04-27 02:53:13 - Out folder: .
2025-04-27 02:53:14 - CICFlowMeter received 1 pcap file
2025-04-27 12:58:33 - You select: .\New folder\test_capture.pcap
2025-04-27 12:58:33 - Out folder: .
2025-04-27 12:58:33 - CICFlowMeter received 1 pcap file
2025-04-27 13:04:03 - The pcap file or folder does not exist! -> test_capture.pcap
2025-04-27 13:04:09 - The pcap file or folder does not exist! -> ./test_capture.pcap
2025-04-27 13:04:14 - The pcap file or folder does not exist! -> .\test_capture.pcap
2025-04-27 13:04:38 - You select: .\test_capture.pcap
2025-04-27 13:04:38 - Out folder: .
2025-04-27 13:04:38 - CICFlowMeter received 1 pcap file
